Mplus VERSION 8.4
MUTHEN & MUTHEN
09/02/2020  11:55 AM

INPUT INSTRUCTIONS

    title:
        Unwanted Pursuit Behavior

    data:
        file = "c:/chuck/NYU/Khan/mediator/UPB.dat";

    variable:
        names = attbin negaff age upb;
        categorical = upb;
        usev = upb negaff attbin age mx;

    define:
        mx=negaff*attbin;

    analysis:
        estimator = ml;
        bootstrap = 1000;

    model:
          upb on negaff attbin mx age;
          negaff on attbin age;

    model indirect:
           upb MOD negaff mx attbin (1 0);

    output:
        tech1 tech8 cinterval(bootstrap);



INPUT READING TERMINATED NORMALLY




Unwanted Pursuit Behavior

SUMMARY OF ANALYSIS

Number of groups                                                 1
Number of observations                                         385

Number of dependent variables                                    2
Number of independent variables                                  3
Number of continuous latent variables                            0

Observed dependent variables

  Continuous
   NEGAFF

  Binary and ordered categorical (ordinal)
   UPB

Observed independent variables
   ATTBIN      AGE         MX


Estimator                                                       ML
Information matrix                                        OBSERVED
Optimization Specifications for the Quasi-Newton Algorithm for
Continuous Outcomes
  Maximum number of iterations                                 100
  Convergence criterion                                  0.100D-05
Optimization Specifications for the EM Algorithm
  Maximum number of iterations                                 500
  Convergence criteria
    Loglikelihood change                                 0.100D-02
    Relative loglikelihood change                        0.100D-05
    Derivative                                           0.100D-02
Optimization Specifications for the M step of the EM Algorithm for
Categorical Latent variables
  Number of M step iterations                                    1
  M step convergence criterion                           0.100D-02
  Basis for M step termination                           ITERATION
Optimization Specifications for the M step of the EM Algorithm for
Censored, Binary or Ordered Categorical (Ordinal), Unordered
Categorical (Nominal) and Count Outcomes
  Number of M step iterations                                    1
  M step convergence criterion                           0.100D-02
  Basis for M step termination                           ITERATION
  Maximum value for logit thresholds                            15
  Minimum value for logit thresholds                           -15
  Minimum expected cell size for chi-square              0.100D-01
Number of bootstrap draws
    Requested                                                 1000
    Completed                                                 1000
Optimization algorithm                                         EMA
Integration Specifications
  Type                                                    STANDARD
  Number of integration points                                  15
  Dimensions of numerical integration                            0
  Adaptive quadrature                                           ON
Link                                                         LOGIT
Cholesky                                                       OFF

Input data file(s)
  c:/chuck/NYU/Khan/mediator/UPB.dat
Input data format  FREE


UNIVARIATE PROPORTIONS AND COUNTS FOR CATEGORICAL VARIABLES

    UPB
      Category 1    0.636          245.000
      Category 2    0.364          140.000



UNIVARIATE SAMPLE STATISTICS


     UNIVARIATE HIGHER-ORDER MOMENT DESCRIPTIVE STATISTICS

         Variable/         Mean/     Skewness/   Minimum/ % with                Percentiles
        Sample Size      Variance    Kurtosis    Maximum  Min/Max      20%/60%    40%/80%    Median

     NEGAFF                0.000       0.544      -1.368    8.83%      -0.926     -0.429     -0.098
             385.000       0.997      -0.467       3.049    0.26%       0.123      0.840
     ATTBIN                0.483       0.068       0.000   51.69%       0.000      0.000      0.000
             385.000       0.250      -1.995       1.000   48.31%       1.000      1.000
     AGE                  43.283       0.097      22.000    0.26%      35.000     41.000     43.000
             385.000      87.003      -0.435      68.000    0.52%      46.000     51.000
     MX                    0.138       0.990      -1.368    2.60%      -0.043      0.000      0.000
             385.000       0.550       1.823       3.049    0.26%       0.000      0.454


THE MODEL ESTIMATION TERMINATED NORMALLY



MODEL FIT INFORMATION

Number of Free Parameters                        9

Loglikelihood

          H0 Value                        -760.032

Information Criteria

          Akaike (AIC)                    1538.064
          Bayesian (BIC)                  1573.643
          Sample-Size Adjusted BIC        1545.088
            (n* = (n + 2) / 24)



MODEL RESULTS

                                                    Two-Tailed
                    Estimate       S.E.  Est./S.E.    P-Value

 UPB        ON
    NEGAFF             0.552      0.195      2.827      0.005
    ATTBIN             0.409      0.241      1.694      0.090
    MX                 0.164      0.249      0.656      0.512
    AGE               -0.008      0.014     -0.611      0.541

 NEGAFF     ON
    ATTBIN             0.544      0.099      5.497      0.000
    AGE               -0.005      0.006     -0.866      0.386

 Intercepts
    NEGAFF            -0.055      0.255     -0.216      0.829

 Thresholds
    UPB$1              0.474      0.610      0.777      0.437

 Residual Variances
    NEGAFF             0.919      0.056     16.479      0.000


LOGISTIC REGRESSION ODDS RATIO RESULTS

                                         (Est. - 1) Two-Tailed
                    Estimate       S.E.     / S.E.    P-Value

 UPB        ON
    NEGAFF             1.737      0.339      2.173      0.030
    ATTBIN             1.505      0.363      1.390      0.164
    MX                 1.178      0.294      0.605      0.545
    AGE                0.992      0.013     -0.614      0.539



TOTAL, INDIRECT, AND DIRECT EFFECTS BASED ON COUNTERFACTUALS (CAUSALLY-DEFINED EFFECTS)


Effects from ATTBIN to UPB

                                                    Two-Tailed
                    Estimate       S.E.  Est./S.E.    P-Value

  Tot natural IE       0.088      0.021      4.089      0.000
  Pure natural DE      0.093      0.055      1.691      0.091
  Total effect         0.180      0.055      3.266      0.001

 Odds ratios for binary Y

                                         (Est. - 1) Two-Tailed
                    Estimate       S.E.     / S.E.    P-Value

  Tot natural IE       1.422      0.126      3.337      0.001
  Pure natural DE      1.461      0.367      1.258      0.209
  Total effect         2.077      0.528      2.041      0.041

 Other effects

                                                    Two-Tailed
                    Estimate       S.E.  Est./S.E.    P-Value

  Pure natural IE      0.069      0.025      2.793      0.005
  Tot natural DE       0.112      0.060      1.877      0.061
  Total effect         0.180      0.055      3.266      0.001

 Odds ratios for other effects for binary Y

                                         (Est. - 1) Two-Tailed
                    Estimate       S.E.     / S.E.    P-Value

  Pure natural IE      1.326      0.138      2.369      0.018
  Tot natural DE       1.566      0.432      1.310      0.190
  Total effect         2.077      0.528      2.041      0.041


CONFIDENCE INTERVALS OF MODEL RESULTS

                  Lower .5%  Lower 2.5%    Lower 5%    Estimate    Upper 5%  Upper 2.5%   Upper .5%

 UPB      ON
    NEGAFF           0.100       0.191       0.250       0.552       0.887       0.959       1.109
    ATTBIN          -0.289      -0.036       0.025       0.409       0.814       0.889       1.036
    MX              -0.502      -0.302      -0.259       0.164       0.582       0.664       0.819
    AGE             -0.045      -0.037      -0.031      -0.008       0.013       0.019       0.025

 NEGAFF   ON
    ATTBIN           0.256       0.345       0.374       0.544       0.702       0.730       0.768
    AGE             -0.019      -0.016      -0.014      -0.005       0.004       0.006       0.009

 Intercepts
    NEGAFF          -0.694      -0.543      -0.470      -0.055       0.354       0.442       0.574

 Thresholds
    UPB$1            0.474       0.474       0.474       0.474       0.474       0.474       0.474

 Residual Variances
    NEGAFF           0.776       0.805       0.820       0.919       1.002       1.021       1.068



CONFIDENCE INTERVALS OF TOTAL, INDIRECT, AND DIRECT EFFECTS BASED ON COUNTERFACTUALS (CAUSALLY-DEFINED EFFECTS)


                  Lower .5%  Lower 2.5%    Lower 5%    Estimate    Upper 5%  Upper 2.5%   Upper .5%

Effects from ATTBIN to UPB

  Tot natural IE     0.034       0.042       0.049       0.088       0.118       0.125       0.141
  Pure natural DE   -0.078      -0.013       0.002       0.093       0.180       0.198       0.234
  Total effect       0.031       0.066       0.082       0.180       0.263       0.285       0.314

 Odds ratios for binary Y

  Tot natural IE     1.163       1.205       1.242       1.422       1.652       1.710       1.787
  Pure natural DE    0.730       0.935       1.011       1.461       2.194       2.388       2.651
  Total effect       1.132       1.331       1.427       2.077       3.118       3.517       3.887

 Other effects

  Pure natural IE    0.013       0.021       0.026       0.069       0.105       0.115       0.140
  Tot natural DE    -0.041      -0.004       0.012       0.112       0.208       0.230       0.261
  Total effect       0.031       0.066       0.082       0.180       0.263       0.285       0.314

 Odds ratios for other effects for binary Y

  Pure natural IE    1.056       1.106       1.130       1.326       1.572       1.635       1.815
  Tot natural DE     0.822       0.983       1.048       1.566       2.446       2.686       2.994
  Total effect       1.132       1.331       1.427       2.077       3.118       3.517       3.887


TECHNICAL 1 OUTPUT


     PARAMETER SPECIFICATION


           TAU
              UPB$1
              ________
                    9


           NU
              UPB           NEGAFF        ATTBIN        AGE           MX
              ________      ________      ________      ________      ________
                    0             0             0             0             0


           LAMBDA
              UPB           NEGAFF        ATTBIN        AGE           MX
              ________      ________      ________      ________      ________
 UPB                0             0             0             0             0
 NEGAFF             0             0             0             0             0
 ATTBIN             0             0             0             0             0
 AGE                0             0             0             0             0
 MX                 0             0             0             0             0


           THETA
              UPB           NEGAFF        ATTBIN        AGE           MX
              ________      ________      ________      ________      ________
 UPB                0
 NEGAFF             0             0
 ATTBIN             0             0             0
 AGE                0             0             0             0
 MX                 0             0             0             0             0


           ALPHA
              UPB           NEGAFF        ATTBIN        AGE           MX
              ________      ________      ________      ________      ________
                    0             1             0             0             0


           BETA
              UPB           NEGAFF        ATTBIN        AGE           MX
              ________      ________      ________      ________      ________
 UPB                0             2             3             4             5
 NEGAFF             0             0             6             7             0
 ATTBIN             0             0             0             0             0
 AGE                0             0             0             0             0
 MX                 0             0             0             0             0


           PSI
              UPB           NEGAFF        ATTBIN        AGE           MX
              ________      ________      ________      ________      ________
 UPB                0
 NEGAFF             0             8
 ATTBIN             0             0             0
 AGE                0             0             0             0
 MX                 0             0             0             0             0


     STARTING VALUES


           TAU
              UPB$1
              ________
                0.560


           NU
              UPB           NEGAFF        ATTBIN        AGE           MX
              ________      ________      ________      ________      ________
                0.000         0.000         0.000         0.000         0.000


           LAMBDA
              UPB           NEGAFF        ATTBIN        AGE           MX
              ________      ________      ________      ________      ________
 UPB            1.000         0.000         0.000         0.000         0.000
 NEGAFF         0.000         1.000         0.000         0.000         0.000
 ATTBIN         0.000         0.000         1.000         0.000         0.000
 AGE            0.000         0.000         0.000         1.000         0.000
 MX             0.000         0.000         0.000         0.000         1.000


           THETA
              UPB           NEGAFF        ATTBIN        AGE           MX
              ________      ________      ________      ________      ________
 UPB            0.000
 NEGAFF         0.000         0.000
 ATTBIN         0.000         0.000         0.000
 AGE            0.000         0.000         0.000         0.000
 MX             0.000         0.000         0.000         0.000         0.000


           ALPHA
              UPB           NEGAFF        ATTBIN        AGE           MX
              ________      ________      ________      ________      ________
                0.000         0.000         0.000         0.000         0.000


           BETA
              UPB           NEGAFF        ATTBIN        AGE           MX
              ________      ________      ________      ________      ________
 UPB            0.000         0.000         0.000         0.000         0.000
 NEGAFF         0.000         0.000         0.000         0.000         0.000
 ATTBIN         0.000         0.000         0.000         0.000         0.000
 AGE            0.000         0.000         0.000         0.000         0.000
 MX             0.000         0.000         0.000         0.000         0.000


           PSI
              UPB           NEGAFF        ATTBIN        AGE           MX
              ________      ________      ________      ________      ________
 UPB            1.000
 NEGAFF         0.000         0.499
 ATTBIN         0.000         0.000         0.125
 AGE            0.000         0.000         0.000        43.501
 MX             0.000         0.000         0.000         0.000         0.275


TECHNICAL 8 OUTPUT


   E STEP  ITER  LOGLIKELIHOOD    ABS CHANGE   REL CHANGE  ALGORITHM
              1 -0.85722033D+03    0.0000000    0.0000000  EM
              2 -0.76019514D+03   97.0251942    0.1131858  EM
              3 -0.76003226D+03    0.1628786    0.0002143  EM
              4 -0.76003212D+03    0.0001365    0.0000002  EM


DIAGRAM INFORMATION

  Use View Diagram under the Diagram menu in the Mplus Editor to view the diagram.
  If running Mplus from the Mplus Diagrammer, the diagram opens automatically.

  Diagram output
    c:\chuck\nyu\khan\mediation\upbex.dgm

     Beginning Time:  11:55:57
        Ending Time:  11:56:01
       Elapsed Time:  00:00:04



MUTHEN & MUTHEN
3463 Stoner Ave.
Los Angeles, CA  90066

Tel: (310) 391-9971
Fax: (310) 391-8971
Web: www.StatModel.com
Support: Support@StatModel.com

Copyright (c) 1998-2019 Muthen & Muthen
